<?xml version="1.0" encoding="UTF-8"?>
<testsuite name="com.clip.bootstrap.controller.auth.AuthControllerTest" tests="4" skipped="0" failures="0" errors="0" timestamp="2025-01-13T12:11:34" hostname="jangseeun-ui-noteubug.local" time="0.164">
  <properties/>
  <testcase name="basicLoginTest()" classname="com.clip.bootstrap.controller.auth.AuthControllerTest" time="0.119"/>
  <testcase name="socialLoginNonRegisteredTest()" classname="com.clip.bootstrap.controller.auth.AuthControllerTest" time="0.018"/>
  <testcase name="reissueTokenTest()" classname="com.clip.bootstrap.controller.auth.AuthControllerTest" time="0.012"/>
  <testcase name="socialLoginSuccessTest()" classname="com.clip.bootstrap.controller.auth.AuthControllerTest" time="0.01"/>
  <system-out><![CDATA[21:11:29.226 [Test worker] INFO org.springframework.test.context.support.AnnotationConfigContextLoaderUtils -- Could not detect default configuration classes for test class [com.clip.bootstrap.controller.auth.AuthControllerTest]: AuthControllerTest does not declare any static, non-private, non-final, nested classes annotated with @Configuration.
21:11:29.346 [Test worker] INFO org.springframework.boot.test.context.SpringBootTestContextBootstrapper -- Found @SpringBootConfiguration com.clip.bootstrap.TyteApplication for test class com.clip.bootstrap.controller.auth.AuthControllerTest

  .   ____          _            __ _ _
 /\\ / ___'_ __ _ _(_)_ __  __ _ \ \ \ \
( ( )\___ | '_ | '_| | '_ \/ _` | \ \ \ \
 \\/  ___)| |_)| | | | | || (_| |  ) ) ) )
  '  |____| .__|_| |_|_| |_\__, | / / / /
 =========|_|==============|___/=/_/_/_/

 :: Spring Boot ::                (v3.3.2)

2025-01-13T21:11:29.690+09:00  INFO 7685 --- [    Test worker] c.c.b.c.auth.AuthControllerTest          : Starting AuthControllerTest using Java 17.0.11 with PID 7685 (started by seeun in /Users/seeun/projects/tyte/Bootstrap-Module)
2025-01-13T21:11:29.691+09:00  INFO 7685 --- [    Test worker] c.c.b.c.auth.AuthControllerTest          : The following 3 profiles are active: "test", "security-local", "persistence-test"
2025-01-13T21:11:30.166+09:00  INFO 7685 --- [    Test worker] .s.d.r.c.RepositoryConfigurationDelegate : Bootstrapping Spring Data JPA repositories in DEFAULT mode.
2025-01-13T21:11:30.287+09:00  INFO 7685 --- [    Test worker] .s.d.r.c.RepositoryConfigurationDelegate : Finished Spring Data repository scanning in 114 ms. Found 3 JPA repository interfaces.
2025-01-13T21:11:32.033+09:00  INFO 7685 --- [    Test worker] com.zaxxer.hikari.HikariDataSource       : HikariPool-1 - Starting...
2025-01-13T21:11:32.199+09:00  INFO 7685 --- [    Test worker] com.zaxxer.hikari.pool.HikariPool        : HikariPool-1 - Added connection conn0: url=jdbc:h2:mem:testdb user=SA
2025-01-13T21:11:32.200+09:00  INFO 7685 --- [    Test worker] com.zaxxer.hikari.HikariDataSource       : HikariPool-1 - Start completed.
2025-01-13T21:11:32.237+09:00  INFO 7685 --- [    Test worker] org.flywaydb.core.FlywayExecutor         : Database: jdbc:h2:mem:testdb (H2 2.2)
2025-01-13T21:11:32.244+09:00  WARN 7685 --- [    Test worker] o.f.c.internal.database.base.Database    : Flyway upgrade recommended: H2 2.2.224 is newer than this version of Flyway and support has not been tested. The latest supported version of H2 is 2.2.220.
2025-01-13T21:11:32.255+09:00  INFO 7685 --- [    Test worker] o.f.c.i.s.JdbcTableSchemaHistory         : Schema history table "PUBLIC"."flyway_schema_history" does not exist yet
2025-01-13T21:11:32.256+09:00  INFO 7685 --- [    Test worker] o.f.core.internal.command.DbValidate     : Successfully validated 0 migrations (execution time 00:00.004s)
2025-01-13T21:11:32.256+09:00  WARN 7685 --- [    Test worker] o.f.core.internal.command.DbValidate     : No migrations found. Are your locations set up correctly?
2025-01-13T21:11:32.261+09:00  INFO 7685 --- [    Test worker] o.f.c.i.s.JdbcTableSchemaHistory         : Creating Schema History table "PUBLIC"."flyway_schema_history" ...
2025-01-13T21:11:32.296+09:00  INFO 7685 --- [    Test worker] o.f.core.internal.command.DbMigrate      : Current version of schema "PUBLIC": << Empty Schema >>
2025-01-13T21:11:32.298+09:00  INFO 7685 --- [    Test worker] o.f.core.internal.command.DbMigrate      : Schema "PUBLIC" is up to date. No migration necessary.
2025-01-13T21:11:32.380+09:00  INFO 7685 --- [    Test worker] o.hibernate.jpa.internal.util.LogHelper  : HHH000204: Processing PersistenceUnitInfo [name: default]
2025-01-13T21:11:32.421+09:00  INFO 7685 --- [    Test worker] org.hibernate.Version                    : HHH000412: Hibernate ORM core version 6.5.2.Final
2025-01-13T21:11:32.466+09:00  INFO 7685 --- [    Test worker] o.h.c.internal.RegionFactoryInitiator    : HHH000026: Second-level cache disabled
2025-01-13T21:11:32.555+09:00  INFO 7685 --- [    Test worker] o.s.o.j.p.SpringPersistenceUnitInfo      : No LoadTimeWeaver setup: ignoring JPA class transformer
2025-01-13T21:11:32.589+09:00  WARN 7685 --- [    Test worker] org.hibernate.orm.deprecation            : HHH90000025: H2Dialect does not need to be specified explicitly using 'hibernate.dialect' (remove the property setting and it will be selected by default)
2025-01-13T21:11:33.099+09:00  INFO 7685 --- [    Test worker] o.h.e.t.j.p.i.JtaPlatformInitiator       : HHH000489: No JTA platform available (set 'hibernate.transaction.jta.platform' to enable JTA platform integration)
Hibernate: create table user (id varchar(255) not null, created_at timestamp(6), updated_at timestamp(6), email varchar(100), nickname varchar(255) not null, primary key (id))
Hibernate: create table user_auth (id varchar(255) not null, created_at timestamp(6), updated_at timestamp(6), login_provider varchar(255) not null, password_hash varchar(255), social_id varchar(255), user_id varchar(255) not null, primary key (id))
Hibernate: create table user_token (id varchar(255) not null, created_at timestamp(6), updated_at timestamp(6), token varchar(500) not null, user_id varchar(500), primary key (id))
Hibernate: create index idx_social_id_index on user_auth (social_id)
Hibernate: alter table if exists user_token drop constraint if exists uk_token_index
Hibernate: alter table if exists user_token add constraint uk_token_index unique (token)
Hibernate: alter table if exists user_auth add constraint FK8pefkt453l7vq56pt2qoo5h4p foreign key (user_id) references user
2025-01-13T21:11:33.126+09:00  INFO 7685 --- [    Test worker] j.LocalContainerEntityManagerFactoryBean : Initialized JPA EntityManagerFactory for persistence unit 'default'
2025-01-13T21:11:33.619+09:00  INFO 7685 --- [    Test worker] o.s.d.j.r.query.QueryEnhancerFactory     : Hibernate is in classpath; If applicable, HQL parser will be used.
2025-01-13T21:11:34.571+09:00  INFO 7685 --- [    Test worker] o.s.b.t.m.w.SpringBootMockServletContext : Initializing Spring TestDispatcherServlet ''
2025-01-13T21:11:34.571+09:00  INFO 7685 --- [    Test worker] o.s.t.web.servlet.TestDispatcherServlet  : Initializing Servlet ''
2025-01-13T21:11:34.573+09:00  INFO 7685 --- [    Test worker] o.s.t.web.servlet.TestDispatcherServlet  : Completed initialization in 1 ms
2025-01-13T21:11:34.617+09:00  INFO 7685 --- [    Test worker] c.c.b.c.auth.AuthControllerTest          : Started AuthControllerTest in 5.17 seconds (process running for 14.147)
]]></system-out>
  <system-err><![CDATA[]]></system-err>
</testsuite>
