<?xml version="1.0" encoding="UTF-8"?>
<testsuite name="com.clip.bootstrap.integration.user.UserApiIntegrationTest" tests="4" skipped="0" failures="0" errors="0" timestamp="2025-01-13T12:11:36" hostname="jangseeun-ui-noteubug.local" time="0.067">
  <properties/>
  <testcase name="registerUserInvalidTest_with_DuplicateUser()" classname="com.clip.bootstrap.integration.user.UserApiIntegrationTest" time="0.028"/>
  <testcase name="registerUserSuccessTest()" classname="com.clip.bootstrap.integration.user.UserApiIntegrationTest" time="0.015"/>
  <testcase name="registerUserInvalidTest_with_InvalidRegisterToken()" classname="com.clip.bootstrap.integration.user.UserApiIntegrationTest" time="0.007"/>
  <testcase name="deleteUser()" classname="com.clip.bootstrap.integration.user.UserApiIntegrationTest" time="0.015"/>
  <system-out><![CDATA[2025-01-13T21:11:36.754+09:00  INFO 7685 --- [    Test worker] t.c.s.AnnotationConfigContextLoaderUtils : Could not detect default configuration classes for test class [com.clip.bootstrap.integration.user.UserApiIntegrationTest]: UserApiIntegrationTest does not declare any static, non-private, non-final, nested classes annotated with @Configuration.
2025-01-13T21:11:36.762+09:00  INFO 7685 --- [    Test worker] .b.t.c.SpringBootTestContextBootstrapper : Found @SpringBootConfiguration com.clip.bootstrap.TyteApplication for test class com.clip.bootstrap.integration.user.UserApiIntegrationTest
Hibernate: select ute1_0.id,ute1_0.created_at,ute1_0.token,ute1_0.updated_at,ute1_0.user_id from user_token ute1_0 where ute1_0.id=?
Hibernate: insert into user_token (created_at,token,updated_at,user_id,id) values (?,?,?,?,?)
Hibernate: select ute1_0.id from user_token ute1_0 where ute1_0.token=? fetch first ? rows only
Hibernate: select uae1_0.id from user_auth uae1_0 where uae1_0.social_id=? and uae1_0.login_provider=? fetch first ? rows only
Hibernate: select ue1_0.id,ue1_0.created_at,ue1_0.email,ue1_0.nickname,ue1_0.updated_at from user ue1_0 where ue1_0.id=?
Hibernate: select uae1_0.id,uae1_0.created_at,uae1_0.login_provider,uae1_0.password_hash,uae1_0.social_id,uae1_0.updated_at,uae1_0.user_id from user_auth uae1_0 where uae1_0.id=?
Hibernate: select ute1_0.id,ute1_0.created_at,ute1_0.token,ute1_0.updated_at,ute1_0.user_id from user_token ute1_0 where ute1_0.id=?
Hibernate: insert into user (created_at,email,nickname,updated_at,id) values (?,?,?,?,?)
Hibernate: insert into user_auth (created_at,login_provider,password_hash,social_id,updated_at,user_id,id) values (?,?,?,?,?,?,?)
Hibernate: insert into user_token (created_at,token,updated_at,user_id,id) values (?,?,?,?,?)
Hibernate: select ute1_0.id from user_token ute1_0 where ute1_0.token=? fetch first ? rows only
Hibernate: select uae1_0.id from user_auth uae1_0 where uae1_0.social_id=? and uae1_0.login_provider=? fetch first ? rows only
Hibernate: select ute1_0.id,ute1_0.created_at,ute1_0.token,ute1_0.updated_at,ute1_0.user_id from user_token ute1_0 where ute1_0.id=?
Hibernate: insert into user_token (created_at,token,updated_at,user_id,id) values (?,?,?,?,?)
Hibernate: select ute1_0.id from user_token ute1_0 where ute1_0.token=? fetch first ? rows only
Hibernate: select uae1_0.id from user_auth uae1_0 where uae1_0.social_id=? and uae1_0.login_provider=? fetch first ? rows only
Hibernate: select ue1_0.id,ue1_0.created_at,ue1_0.email,ue1_0.nickname,ue1_0.updated_at from user ue1_0 where ue1_0.id=?
Hibernate: select uae1_0.id,uae1_0.created_at,uae1_0.login_provider,uae1_0.password_hash,uae1_0.social_id,uae1_0.updated_at,uae1_0.user_id from user_auth uae1_0 where uae1_0.id=?
Hibernate: select ute1_0.id,ute1_0.created_at,ute1_0.token,ute1_0.updated_at,ute1_0.user_id from user_token ute1_0 where ute1_0.id=?
Hibernate: insert into user (created_at,email,nickname,updated_at,id) values (?,?,?,?,?)
Hibernate: insert into user_auth (created_at,login_provider,password_hash,social_id,updated_at,user_id,id) values (?,?,?,?,?,?,?)
Hibernate: insert into user_token (created_at,token,updated_at,user_id,id) values (?,?,?,?,?)
Hibernate: select ute1_0.id from user_token ute1_0 where ute1_0.token=? fetch first ? rows only
Hibernate: select ue1_0.id,ue1_0.created_at,ue1_0.email,ue1_0.nickname,ue1_0.updated_at from user ue1_0 where ue1_0.id=?
Hibernate: insert into user (created_at,email,nickname,updated_at,id) values (?,?,?,?,?)
Hibernate: select uae1_0.id,uae1_0.created_at,uae1_0.login_provider,uae1_0.password_hash,uae1_0.social_id,uae1_0.updated_at,uae1_0.user_id from user_auth uae1_0 where uae1_0.id=?
Hibernate: insert into user_auth (created_at,login_provider,password_hash,social_id,updated_at,user_id,id) values (?,?,?,?,?,?,?)
Hibernate: select ue1_0.id,ue1_0.created_at,ue1_0.email,ue1_0.nickname,ue1_0.updated_at from user ue1_0 where ue1_0.id=?
Hibernate: select uae1_0.id,uae1_0.created_at,uae1_0.login_provider,uae1_0.password_hash,uae1_0.social_id,uae1_0.updated_at,uae1_0.user_id from user_auth uae1_0 where uae1_0.user_id=?
Hibernate: delete from user_auth where id=?
Hibernate: delete from user where id=?
]]></system-out>
  <system-err><![CDATA[]]></system-err>
</testsuite>
