<?xml version="1.0" encoding="UTF-8"?>
<testsuite name="com.clip.bootstrap.controller.user.UserControllerTest" tests="4" skipped="0" failures="0" errors="0" timestamp="2025-01-13T12:11:35" hostname="jangseeun-ui-noteubug.local" time="0.186">
  <properties/>
  <testcase name="registerBasicUserTest()" classname="com.clip.bootstrap.controller.user.UserControllerTest" time="0.02"/>
  <testcase name="logout()" classname="com.clip.bootstrap.controller.user.UserControllerTest" time="0.143"/>
  <testcase name="registerSocialUserTest()" classname="com.clip.bootstrap.controller.user.UserControllerTest" time="0.011"/>
  <testcase name="deleteUser()" classname="com.clip.bootstrap.controller.user.UserControllerTest" time="0.007"/>
  <system-out><![CDATA[2025-01-13T21:11:34.800+09:00  INFO 7685 --- [    Test worker] t.c.s.AnnotationConfigContextLoaderUtils : Could not detect default configuration classes for test class [com.clip.bootstrap.controller.user.UserControllerTest]: UserControllerTest does not declare any static, non-private, non-final, nested classes annotated with @Configuration.
2025-01-13T21:11:34.812+09:00  INFO 7685 --- [    Test worker] .b.t.c.SpringBootTestContextBootstrapper : Found @SpringBootConfiguration com.clip.bootstrap.TyteApplication for test class com.clip.bootstrap.controller.user.UserControllerTest

  .   ____          _            __ _ _
 /\\ / ___'_ __ _ _(_)_ __  __ _ \ \ \ \
( ( )\___ | '_ | '_| | '_ \/ _` | \ \ \ \
 \\/  ___)| |_)| | | | | || (_| |  ) ) ) )
  '  |____| .__|_| |_|_| |_\__, | / / / /
 =========|_|==============|___/=/_/_/_/

 :: Spring Boot ::                (v3.3.2)

2025-01-13T21:11:34.833+09:00  INFO 7685 --- [    Test worker] c.c.b.c.user.UserControllerTest          : Starting UserControllerTest using Java 17.0.11 with PID 7685 (started by seeun in /Users/seeun/projects/tyte/Bootstrap-Module)
2025-01-13T21:11:34.833+09:00  INFO 7685 --- [    Test worker] c.c.b.c.user.UserControllerTest          : The following 3 profiles are active: "test", "security-local", "persistence-test"
2025-01-13T21:11:34.994+09:00  INFO 7685 --- [    Test worker] .s.d.r.c.RepositoryConfigurationDelegate : Bootstrapping Spring Data JPA repositories in DEFAULT mode.
2025-01-13T21:11:35.001+09:00  INFO 7685 --- [    Test worker] .s.d.r.c.RepositoryConfigurationDelegate : Finished Spring Data repository scanning in 5 ms. Found 3 JPA repository interfaces.
2025-01-13T21:11:35.204+09:00  INFO 7685 --- [    Test worker] com.zaxxer.hikari.HikariDataSource       : HikariPool-2 - Starting...
2025-01-13T21:11:35.205+09:00  INFO 7685 --- [    Test worker] com.zaxxer.hikari.pool.HikariPool        : HikariPool-2 - Added connection conn10: url=jdbc:h2:mem:testdb user=SA
2025-01-13T21:11:35.206+09:00  INFO 7685 --- [    Test worker] com.zaxxer.hikari.HikariDataSource       : HikariPool-2 - Start completed.
2025-01-13T21:11:35.207+09:00  INFO 7685 --- [    Test worker] org.flywaydb.core.FlywayExecutor         : Database: jdbc:h2:mem:testdb (H2 2.2)
2025-01-13T21:11:35.208+09:00  WARN 7685 --- [    Test worker] o.f.c.internal.database.base.Database    : Flyway upgrade recommended: H2 2.2.224 is newer than this version of Flyway and support has not been tested. The latest supported version of H2 is 2.2.220.
2025-01-13T21:11:35.209+09:00  INFO 7685 --- [    Test worker] o.f.core.internal.command.DbValidate     : Successfully validated 0 migrations (execution time 00:00.000s)
2025-01-13T21:11:35.209+09:00  WARN 7685 --- [    Test worker] o.f.core.internal.command.DbValidate     : No migrations found. Are your locations set up correctly?
2025-01-13T21:11:35.211+09:00  INFO 7685 --- [    Test worker] o.f.core.internal.command.DbMigrate      : Current version of schema "PUBLIC": << Empty Schema >>
2025-01-13T21:11:35.211+09:00  INFO 7685 --- [    Test worker] o.f.core.internal.command.DbMigrate      : Schema "PUBLIC" is up to date. No migration necessary.
2025-01-13T21:11:35.224+09:00  INFO 7685 --- [    Test worker] o.hibernate.jpa.internal.util.LogHelper  : HHH000204: Processing PersistenceUnitInfo [name: default]
2025-01-13T21:11:35.226+09:00  INFO 7685 --- [    Test worker] o.h.c.internal.RegionFactoryInitiator    : HHH000026: Second-level cache disabled
2025-01-13T21:11:35.234+09:00  INFO 7685 --- [    Test worker] o.s.o.j.p.SpringPersistenceUnitInfo      : No LoadTimeWeaver setup: ignoring JPA class transformer
2025-01-13T21:11:35.235+09:00  WARN 7685 --- [    Test worker] org.hibernate.orm.deprecation            : HHH90000025: H2Dialect does not need to be specified explicitly using 'hibernate.dialect' (remove the property setting and it will be selected by default)
2025-01-13T21:11:35.263+09:00  INFO 7685 --- [    Test worker] o.h.e.t.j.p.i.JtaPlatformInitiator       : HHH000489: No JTA platform available (set 'hibernate.transaction.jta.platform' to enable JTA platform integration)
Hibernate: alter table if exists user alter column email set data type varchar(100)
Hibernate: alter table if exists user_token drop constraint if exists uk_token_index
Hibernate: alter table if exists user_token add constraint uk_token_index unique (token)
2025-01-13T21:11:35.274+09:00  INFO 7685 --- [    Test worker] j.LocalContainerEntityManagerFactoryBean : Initialized JPA EntityManagerFactory for persistence unit 'default'
2025-01-13T21:11:35.488+09:00  INFO 7685 --- [    Test worker] o.s.b.t.m.w.SpringBootMockServletContext : Initializing Spring TestDispatcherServlet ''
2025-01-13T21:11:35.488+09:00  INFO 7685 --- [    Test worker] o.s.t.web.servlet.TestDispatcherServlet  : Initializing Servlet ''
2025-01-13T21:11:35.489+09:00  INFO 7685 --- [    Test worker] o.s.t.web.servlet.TestDispatcherServlet  : Completed initialization in 1 ms
2025-01-13T21:11:35.500+09:00  INFO 7685 --- [    Test worker] c.c.b.c.user.UserControllerTest          : Started UserControllerTest in 0.685 seconds (process running for 15.03)
Hibernate: select ue1_0.id,ue1_0.created_at,ue1_0.email,ue1_0.nickname,ue1_0.updated_at from user ue1_0 where ue1_0.id=?
Hibernate: insert into user (created_at,email,nickname,updated_at,id) values (?,?,?,?,?)
Hibernate: select ute1_0.id,ute1_0.created_at,ute1_0.token,ute1_0.updated_at,ute1_0.user_id from user_token ute1_0 where ute1_0.id=?
Hibernate: insert into user_token (created_at,token,updated_at,user_id,id) values (?,?,?,?,?)
Hibernate: select ue1_0.id,ue1_0.created_at,ue1_0.email,ue1_0.nickname,ue1_0.updated_at from user ue1_0 where ue1_0.id=?
Hibernate: insert into user (created_at,email,nickname,updated_at,id) values (?,?,?,?,?)
]]></system-out>
  <system-err><![CDATA[]]></system-err>
</testsuite>
