<?xml version="1.0" encoding="UTF-8"?>
<testsuite name="com.clip.application.user.service.UserCommandServiceTest" tests="9" skipped="0" failures="0" errors="0" timestamp="2025-01-13T12:11:41" hostname="jangseeun-ui-noteubug.local" time="0.077">
  <properties/>
  <testcase name="Then: access token과 refresh token을 반환한다." classname="com.clip.application.user.service.UserCommandServiceTest" time="0.002"/>
  <testcase name="Then: UserAlreadyRegisteredException 예외가 발생한다." classname="com.clip.application.user.service.UserCommandServiceTest" time="0.0"/>
  <testcase name="Then: 예외가 발생한다." classname="com.clip.application.user.service.UserCommandServiceTest" time="0.0"/>
  <testcase name="Then: UserPermissionDeniedException 예외가 발생한다." classname="com.clip.application.user.service.UserCommandServiceTest" time="0.001"/>
  <testcase name="Then: access token과 refresh token을 반환한다." classname="com.clip.application.user.service.UserCommandServiceTest" time="0.001"/>
  <testcase name="Then: false를 반환한다." classname="com.clip.application.user.service.UserCommandServiceTest" time="0.005"/>
  <testcase name="Then: true를 반환한다." classname="com.clip.application.user.service.UserCommandServiceTest" time="0.0"/>
  <testcase name="Then: UserException.UserAlreadyRegisteredException 예외가 발생한다." classname="com.clip.application.user.service.UserCommandServiceTest" time="0.0"/>
  <testcase name="Then: 회원 정보와 인증 정보를 삭제한다." classname="com.clip.application.user.service.UserCommandServiceTest" time="0.023"/>
  <system-out><![CDATA[]]></system-out>
  <system-err><![CDATA[]]></system-err>
</testsuite>
