<?xml version="1.0" encoding="UTF-8"?>
<testsuite name="com.clip.application.user.service.UserTokenCommandServiceTest" tests="5" skipped="0" failures="0" errors="0" timestamp="2025-01-13T12:11:41" hostname="jangseeun-ui-noteubug.local" time="0.037">
  <properties/>
  <testcase name="Then: 토큰을 파싱하여 유저 아이디를 반환한다" classname="com.clip.application.user.service.UserTokenCommandServiceTest" time="0.0"/>
  <testcase name="Then: UserPermissionDeniedException을 반환한다." classname="com.clip.application.user.service.UserTokenCommandServiceTest" time="0.0"/>
  <testcase name="Then: AccessToken과 RefreshToken을 반환한다." classname="com.clip.application.user.service.UserTokenCommandServiceTest" time="0.001"/>
  <testcase name="Then: 로그아웃 처리를 한다." classname="com.clip.application.user.service.UserTokenCommandServiceTest" time="0.001"/>
  <testcase name="Then: UserTokenNotFoundException을 반환한다." classname="com.clip.application.user.service.UserTokenCommandServiceTest" time="0.0"/>
  <system-out><![CDATA[]]></system-out>
  <system-err><![CDATA[]]></system-err>
</testsuite>
